# JRE version: OpenJDK Runtime Environment (21.0.10+7) (build 21.0.10+7-Ubuntu-124.04)
# Java VM: OpenJDK 64-Bit Server VM (21.0.10+7-Ubuntu-124.04, mixed mode, sharing, tiered, compressed oops, compressed class ptrs, g1 gc, linux-amd64)
GC Precious Log:
 CardTable entry size: 512
 Card Set container configuration: InlinePtr #cards 5 size 8 Array Of Cards #cards 12 size 40 Howl #buckets 4 coarsen threshold 1843 Howl Bitmap #cards 512 size 80 coarsen threshold 460 Card regions per heap region 1 cards per card region 2048
 CPUs: 4 total, 4 available
 Memory: 3619M
 Large Page Support: Disabled
 NUMA Support: Disabled
 Compressed Oops: Enabled (32-bit)
 Heap Region Size: 1M
 Heap Min Capacity: 8M
 Heap Initial Capacity: 58M
 Heap Max Capacity: 906M
 Pre-touch: Disabled
 Parallel Workers: 4
 Concurrent Workers: 1
 Concurrent Refinement Workers: 4
 Periodic GC: Disabled
Heap:
 garbage-first heap   total 86016K, used 44137K [0x00000000c7600000, 0x0000000100000000)
  region size 1024K, 28 young (28672K), 4 survivors (4096K)
 Metaspace       used 17444K, committed 17856K, reserved 1114112K
  class space    used 1863K, committed 2048K, reserved 1048576K
GC Heap History (16 events):
Event: 1.039 GC heap before
{Heap before GC invocations=0 (full 0):
 garbage-first heap   total 61440K, used 14385K [0x00000000c7600000, 0x0000000100000000)
  region size 1024K, 13 young (13312K), 0 survivors (0K)
 Metaspace       used 4587K, committed 4736K, reserved 1114112K
  class space    used 508K, committed 576K, reserved 1048576K
}
Event: 1.044 GC heap after
{Heap after GC invocations=1 (full 0):
 garbage-first heap   total 61440K, used 3633K [0x00000000c7600000, 0x0000000100000000)
  region size 1024K, 2 young (2048K), 2 survivors (2048K)
 Metaspace       used 4587K, committed 4736K, reserved 1114112K
  class space    used 508K, committed 576K, reserved 1048576K
}
Event: 1.928 GC heap before
{Heap before GC invocations=1 (full 0):
 garbage-first heap   total 61440K, used 31281K [0x00000000c7600000, 0x0000000100000000)
  region size 1024K, 30 young (30720K), 2 survivors (2048K)
 Metaspace       used 9388K, committed 9600K, reserved 1114112K
  class space    used 1116K, committed 1216K, reserved 1048576K
}
Event: 1.940 GC heap after
{Heap after GC invocations=2 (full 0):
 garbage-first heap   total 61440K, used 5547K [0x00000000c7600000, 0x0000000100000000)
  region size 1024K, 4 young (4096K), 4 survivors (4096K)
 Metaspace       used 9388K, committed 9600K, reserved 1114112K
  class space    used 1116K, committed 1216K, reserved 1048576K
}
Event: 2.986 GC heap before
{Heap before GC invocations=2 (full 0):
 garbage-first heap   total 61440K, used 36267K [0x00000000c7600000, 0x0000000100000000)
  region size 1024K, 34 young (34816K), 4 survivors (4096K)
 Metaspace       used 13157K, committed 13440K, reserved 1114112K
  class space    used 1509K, committed 1600K, reserved 1048576K
}
Event: 3.003 GC heap after
{Heap after GC invocations=3 (full 0):
 garbage-first heap   total 61440K, used 8849K [0x00000000c7600000, 0x0000000100000000)
  region size 1024K, 5 young (5120K), 5 survivors (5120K)
 Metaspace       used 13157K, committed 13440K, reserved 1114112K
  class space    used 1509K, committed 1600K, reserved 1048576K
}
Event: 3.525 GC heap before
{Heap before GC invocations=3 (full 0):
 garbage-first heap   total 61440K, used 38545K [0x00000000c7600000, 0x0000000100000000)
  region size 1024K, 34 young (34816K), 5 survivors (5120K)
 Metaspace       used 13810K, committed 14144K, reserved 1114112K
  class space    used 1549K, committed 1728K, reserved 1048576K
}
Event: 3.542 GC heap after
{Heap after GC invocations=4 (full 0):
 garbage-first heap   total 61440K, used 13589K [0x00000000c7600000, 0x0000000100000000)
  region size 1024K, 5 young (5120K), 5 survivors (5120K)
 Metaspace       used 13810K, committed 14144K, reserved 1114112K
  class space    used 1549K, committed 1728K, reserved 1048576K
}
Event: 3.962 GC heap before
{Heap before GC invocations=4 (full 0):
 garbage-first heap   total 61440K, used 43285K [0x00000000c7600000, 0x0000000100000000)
  region size 1024K, 34 young (34816K), 5 survivors (5120K)
 Metaspace       used 14122K, committed 14400K, reserved 1114112K
  class space    used 1552K, committed 1728K, reserved 1048576K
}
Event: 3.972 GC heap after
{Heap after GC invocations=5 (full 0):
 garbage-first heap   total 61440K, used 15409K [0x00000000c7600000, 0x0000000100000000)
  region size 1024K, 2 young (2048K), 2 survivors (2048K)
 Metaspace       used 14122K, committed 14400K, reserved 1114112K
  class space    used 1552K, committed 1728K, reserved 1048576K
}
Event: 4.552 GC heap before
{Heap before GC invocations=5 (full 0):
 garbage-first heap   total 61440K, used 51249K [0x00000000c7600000, 0x0000000100000000)
  region size 1024K, 30 young (30720K), 2 survivors (2048K)
 Metaspace       used 15224K, committed 15488K, reserved 1114112K
  class space    used 1653K, committed 1792K, reserved 1048576K
}
Event: 4.557 GC heap after
{Heap after GC invocations=6 (full 0):
 garbage-first heap   total 73728K, used 24855K [0x00000000c7600000, 0x0000000100000000)
  region size 1024K, 4 young (4096K), 4 survivors (4096K)
 Metaspace       used 15224K, committed 15488K, reserved 1114112K
  class space    used 1653K, committed 1792K, reserved 1048576K
}
Event: 4.558 GC heap before
{Heap before GC invocations=6 (full 0):
 garbage-first heap   total 73728K, used 37143K [0x00000000c7600000, 0x0000000100000000)
  region size 1024K, 5 young (5120K), 4 survivors (4096K)
 Metaspace       used 15224K, committed 15488K, reserved 1114112K
  class space    used 1653K, committed 1792K, reserved 1048576K
}
Event: 4.566 GC heap after
{Heap after GC invocations=7 (full 0):
 garbage-first heap   total 73728K, used 37196K [0x00000000c7600000, 0x0000000100000000)
  region size 1024K, 4 young (4096K), 4 survivors (4096K)
 Metaspace       used 15224K, committed 15488K, reserved 1114112K
  class space    used 1653K, committed 1792K, reserved 1048576K
}
Event: 5.209 GC heap before
{Heap before GC invocations=8 (full 0):
 garbage-first heap   total 86016K, used 78156K [0x00000000c7600000, 0x0000000100000000)
  region size 1024K, 32 young (32768K), 4 survivors (4096K)
 Metaspace       used 16311K, committed 16640K, reserved 1114112K
  class space    used 1751K, committed 1920K, reserved 1048576K
}
Event: 5.216 GC heap after
{Heap after GC invocations=9 (full 0):
 garbage-first heap   total 86016K, used 18537K [0x00000000c7600000, 0x0000000100000000)
  region size 1024K, 4 young (4096K), 4 survivors (4096K)
 Metaspace       used 16311K, committed 16640K, reserved 1114112K
  class space    used 1751K, committed 1920K, reserved 1048576K
}

